<?xml version="1.0" encoding="UTF-8"?>
<!-- Generated by org.testng.reporters.JUnitReportReporter -->
<testsuite hostname="LAPTOP-0T5FP7RU" failures="0" tests="3" name="com.tutorialsninja.qa.testcases.Search" time="7.381" errors="0" timestamp="2024-01-13T19:20:54 IST" skipped="0">
  <testcase classname="com.tutorialsninja.qa.testcases.Search" name="verifySearchWithoutAnyProduct" time="2.364"/>
  <testcase classname="com.tutorialsninja.qa.testcases.Search" name="verifySearchWithInvalidProduct" time="2.336"/>
  <testcase classname="com.tutorialsninja.qa.testcases.Search" name="verifySearchWithValidProduct" time="2.681"/>
</testsuite> <!-- com.tutorialsninja.qa.testcases.Search -->
