<?xml version="1.0" encoding="UTF-8"?>
<!-- Generated by org.testng.reporters.JUnitReportReporter -->
<testsuite hostname="LAPTOP-0T5FP7RU" failures="0" tests="5" name="com.tutorialsninja.qa.testcases.Login" time="19.834" errors="0" timestamp="2024-01-11T20:52:00 IST" skipped="0">
  <testcase classname="com.tutorialsninja.qa.testcases.Login" name="verifyLoginWithValidCredentials" time="4.592"/>
  <testcase classname="com.tutorialsninja.qa.testcases.Login" name="verifyWithInvalidCredentials" time="4.046"/>
  <testcase classname="com.tutorialsninja.qa.testcases.Login" name="verifyLoginWithInvalidEmailAndValidPassword" time="3.441"/>
  <testcase classname="com.tutorialsninja.qa.testcases.Login" name="verifyLoginWithValidEmailAndInvalidPassword" time="3.436"/>
  <testcase classname="com.tutorialsninja.qa.testcases.Login" name="verifyLoginWithoutProvidingCredentials" time="4.319"/>
</testsuite> <!-- com.tutorialsninja.qa.testcases.Login -->
