<?xml version="1.0" encoding="UTF-8"?>
<!-- Generated by org.testng.reporters.JUnitReportReporter -->
<testsuite hostname="LAPTOP-0T5FP7RU" failures="0" tests="5" name="com.tutorialsninja.qa.testcases.Login" time="19.967" errors="0" timestamp="2024-01-11T21:09:25 IST" skipped="0">
  <testcase classname="com.tutorialsninja.qa.testcases.Login" name="verifyLoginWithValidCredentials" time="3.462"/>
  <testcase classname="com.tutorialsninja.qa.testcases.Login" name="verifyWithInvalidCredentials" time="5.270"/>
  <testcase classname="com.tutorialsninja.qa.testcases.Login" name="verifyLoginWithInvalidEmailAndValidPassword" time="3.688"/>
  <testcase classname="com.tutorialsninja.qa.testcases.Login" name="verifyLoginWithValidEmailAndInvalidPassword" time="3.193"/>
  <testcase classname="com.tutorialsninja.qa.testcases.Login" name="verifyLoginWithoutProvidingCredentials" time="4.354"/>
</testsuite> <!-- com.tutorialsninja.qa.testcases.Login -->
