<?xml version="1.0" encoding="UTF-8"?>
<!-- Generated by org.testng.reporters.JUnitReportReporter -->
<testsuite hostname="LAPTOP-0T5FP7RU" failures="0" tests="1" name="com.tutorialsninja.qa.testcases.Login" time="8.523" errors="0" timestamp="2024-01-11T16:24:41 IST" skipped="0">
  <testcase classname="com.tutorialsninja.qa.testcases.Login" name="verifyLoginWithValidCredentials" time="8.523"/>
</testsuite> <!-- com.tutorialsninja.qa.testcases.Login -->
