<?xml version="1.0" encoding="UTF-8"?>
<!-- Generated by org.testng.reporters.JUnitReportReporter -->
<testsuite hostname="LAPTOP-0T5FP7RU" failures="0" tests="5" name="com.tutorialsninja.qa.testcases.Login" time="14.499" errors="0" timestamp="2024-01-13T19:20:54 IST" skipped="0">
  <testcase classname="com.tutorialsninja.qa.testcases.Login" name="verifyLoginWithValidCredentials" time="2.921"/>
  <testcase classname="com.tutorialsninja.qa.testcases.Login" name="verifyWithInvalidCredentials" time="2.992"/>
  <testcase classname="com.tutorialsninja.qa.testcases.Login" name="verifyLoginWithInvalidEmailAndValidPassword" time="2.792"/>
  <testcase classname="com.tutorialsninja.qa.testcases.Login" name="verifyLoginWithValidEmailAndInvalidPassword" time="3.011"/>
  <testcase classname="com.tutorialsninja.qa.testcases.Login" name="verifyLoginWithoutProvidingCredentials" time="2.783"/>
</testsuite> <!-- com.tutorialsninja.qa.testcases.Login -->
